<?xml version="1.0" encoding="UTF-8"?>
<!-- Generated by org.testng.reporters.JUnitXMLReporter -->
<testsuite hostname="LAPTOP-UHFNO702" ignored="1" name="Surefire test" tests="1" failures="0" timestamp="2021-03-05T20:21:55 EST" time="0.044" errors="0">
  <testcase name="customerShouldNotBeAddedIfRequiredFieldsAreBlank" time="0.003" classname="tests.AddCustomerTest"/>
  <testcase name="customerShouldBeAddedByFillingOutRequiredFields" time="0.0" classname="tests.AddCustomerTest">
    <ignored/>
  </testcase> <!-- customerShouldBeAddedByFillingOutRequiredFields -->
</testsuite> <!-- Surefire test -->
