<?xml version="1.0" encoding="UTF-8"?>
<!-- Generated by org.testng.reporters.JUnitXMLReporter -->
<testsuite hostname="LAPTOP-UHFNO702" ignored="0" name="Command line test" tests="6" failures="0" timestamp="2021-03-06T13:27:30 EST" time="0.057" errors="0">
  <testcase name="customerShouldBeAddedByFillingOutRequiredFields" time="0.005" classname="tests.AddCustomerTest"/>
  <testcase name="customerShouldNotBeAddedIfRequiredFieldsAreBlank" time="0.0" classname="tests.AddCustomerTest"/>
  <testcase name="validateThatTechfiosCompanyIsSuccesfullyAdded" time="0.0" classname="tests.CompaniesTest"/>
  <testcase name="validateThatTheNetWorthIsCorrect" time="0.0" classname="tests.DashboardTest"/>
  <testcase name="validateThatTheCorrectGroupsAreAdded" time="0.0" classname="tests.GroupsTest"/>
  <testcase name="validateThatTheCustomersInTheListAreCorrect" time="0.0" classname="tests.ListCustomersTest"/>
</testsuite> <!-- Command line test -->
