<?xml version="1.0" encoding="UTF-8"?>
<!-- Generated by org.testng.reporters.JUnitXMLReporter -->
<testsuite hostname="LAPTOP-UHFNO702" ignored="1" name="CustomerTest" tests="3" failures="0" timestamp="2021-03-06T15:48:10 EST" time="0.052" errors="0">
  <testcase name="customerShouldBeAddedByFillingOutRequiredFields" time="0.007" classname="tests.AddCustomerTest"/>
  <testcase name="validateThatTheCustomersInTheListAreCorrect" time="0.001" classname="tests.ListCustomersTest"/>
  <testcase name="validateThatTheCorrectGroupsAreAdded" time="0.001" classname="tests.GroupsTest"/>
  <testcase name="customerShouldNotBeAddedIfRequiredFieldsAreBlank" time="0.0" classname="tests.AddCustomerTest">
    <ignored/>
  </testcase> <!-- customerShouldNotBeAddedIfRequiredFieldsAreBlank -->
</testsuite> <!-- CustomerTest -->
