<?xml version="1.0" encoding="UTF-8"?>
<!-- Generated by org.testng.reporters.JUnitXMLReporter -->
<testsuite hostname="LAPTOP-UHFNO702" ignored="3" tests="0" failures="0" timestamp="2021-03-06T15:48:10 EST" time="0.011" errors="0">
  <testcase name="userWithInvalidCredentialsShouldNotBeAbleToLogIn" time="0.0" classname="tests.LoginTests">
    <ignored/>
  </testcase> <!-- userWithInvalidCredentialsShouldNotBeAbleToLogIn -->
  <testcase name="userWithValidCredentialsShouldBeAbleToLogIn" time="0.0" classname="tests.LoginTests">
    <ignored/>
  </testcase> <!-- userWithValidCredentialsShouldBeAbleToLogIn -->
  <testcase name="userShouldBeAbleToChangePassword" time="0.0" classname="tests.LoginTests">
    <ignored/>
  </testcase> <!-- userShouldBeAbleToChangePassword -->
</testsuite>
