<?xml version="1.0" encoding="UTF-8"?>
<testng-results skipped="0" failed="0" ignored="4" total="7" passed="3">
  <reporter-output>
  </reporter-output>
  <suite name="Suite" duration-ms="85" started-at="2021-03-06T15:48:10 EST" finished-at="2021-03-06T15:48:10 EST">
    <groups>
      <group name="Smoke">
        <method signature="AddCustomerTest.customerShouldBeAddedByFillingOutRequiredFields()[pri:0, instance:tests.AddCustomerTest@731a74c]" name="customerShouldBeAddedByFillingOutRequiredFields" class="tests.AddCustomerTest"/>
        <method signature="ListCustomersTest.validateThatTheCustomersInTheListAreCorrect()[pri:0, instance:tests.ListCustomersTest@369f73a2]" name="validateThatTheCustomersInTheListAreCorrect" class="tests.ListCustomersTest"/>
      </group> <!-- Smoke -->
    </groups>
    <test name="Test" duration-ms="11" started-at="2021-03-06T15:48:10 EST" finished-at="2021-03-06T15:48:10 EST">
    </test> <!-- Test -->
    <test name="CustomerTest" duration-ms="52" started-at="2021-03-06T15:48:10 EST" finished-at="2021-03-06T15:48:10 EST">
      <class name="tests.ListCustomersTest">
        <test-method status="PASS" signature="validateThatTheCustomersInTheListAreCorrect()[pri:0, instance:tests.ListCustomersTest@369f73a2]" name="validateThatTheCustomersInTheListAreCorrect" duration-ms="1" started-at="2021-03-06T15:48:10 EST" finished-at="2021-03-06T15:48:10 EST">
          <reporter-output>
          </reporter-output>
        </test-method> <!-- validateThatTheCustomersInTheListAreCorrect -->
      </class> <!-- tests.ListCustomersTest -->
      <class name="tests.AddCustomerTest">
        <test-method status="PASS" signature="customerShouldBeAddedByFillingOutRequiredFields()[pri:0, instance:tests.AddCustomerTest@731a74c]" name="customerShouldBeAddedByFillingOutRequiredFields" duration-ms="7" started-at="2021-03-06T15:48:10 EST" finished-at="2021-03-06T15:48:10 EST">
          <reporter-output>
          </reporter-output>
        </test-method> <!-- customerShouldBeAddedByFillingOutRequiredFields -->
      </class> <!-- tests.AddCustomerTest -->
      <class name="tests.GroupsTest">
        <test-method status="PASS" signature="validateThatTheCorrectGroupsAreAdded()[pri:0, instance:tests.GroupsTest@1f28c152]" name="validateThatTheCorrectGroupsAreAdded" duration-ms="1" started-at="2021-03-06T15:48:10 EST" finished-at="2021-03-06T15:48:10 EST">
          <reporter-output>
          </reporter-output>
        </test-method> <!-- validateThatTheCorrectGroupsAreAdded -->
      </class> <!-- tests.GroupsTest -->
    </test> <!-- CustomerTest -->
  </suite> <!-- Suite -->
</testng-results>
